execve("./hello100_10", ["./hello100_10"], [/* 80 vars */]) = 0
brk(NULL)                               = 0xe41000
access("/etc/ld.so.nohwcap", F_OK)      = -1 ENOENT (No such file or directory)
access("/etc/ld.so.preload", R_OK)      = -1 ENOENT (No such file or directory)
open("/etc/ld.so.cache", O_RDONLY|O_CLOEXEC) = 3
fstat(3, {st_mode=S_IFREG|0644, st_size=99843, ...}) = 0
mmap(NULL, 99843, PROT_READ, MAP_PRIVATE, 3, 0) = 0x7ff7d0bff000
close(3)                                = 0
access("/etc/ld.so.nohwcap", F_OK)      = -1 ENOENT (No such file or directory)
open("/lib/x86_64-linux-gnu/libc.so.6", O_RDONLY|O_CLOEXEC) = 3
read(3, "\177ELF\2\1\1\3\0\0\0\0\0\0\0\0\3\0>\0\1\0\0\0P\t\2\0\0\0\0\0"..., 832) = 832
fstat(3, {st_mode=S_IFREG|0755, st_size=1868984, ...}) = 0
mmap(NULL, 4096, PROT_READ|PROT_WRITE, MAP_PRIVATE|MAP_ANONYMOUS, -1, 0) = 0x7ff7d0bfe000
mmap(NULL, 3971488, PROT_READ|PROT_EXEC, MAP_PRIVATE|MAP_DENYWRITE, 3, 0) = 0x7ff7d0629000
mprotect(0x7ff7d07e9000, 2097152, PROT_NONE) = 0
mmap(0x7ff7d09e9000, 24576, PROT_READ|PROT_WRITE, MAP_PRIVATE|MAP_FIXED|MAP_DENYWRITE, 3, 0x1c0000) = 0x7ff7d09e9000
mmap(0x7ff7d09ef000, 14752, PROT_READ|PROT_WRITE, MAP_PRIVATE|MAP_FIXED|MAP_ANONYMOUS, -1, 0) = 0x7ff7d09ef000
close(3)                                = 0
mmap(NULL, 4096, PROT_READ|PROT_WRITE, MAP_PRIVATE|MAP_ANONYMOUS, -1, 0) = 0x7ff7d0bfd000
mmap(NULL, 4096, PROT_READ|PROT_WRITE, MAP_PRIVATE|MAP_ANONYMOUS, -1, 0) = 0x7ff7d0bfc000
arch_prctl(ARCH_SET_FS, 0x7ff7d0bfd700) = 0
mprotect(0x7ff7d09e9000, 16384, PROT_READ) = 0
mprotect(0x600000, 4096, PROT_READ)     = 0
mprotect(0x7ff7d0c18000, 4096, PROT_READ) = 0
munmap(0x7ff7d0bff000, 99843)           = 0
fstat(1, {st_mode=S_IFCHR|0666, st_rdev=makedev(1, 3), ...}) = 0
ioctl(1, TCGETS, 0x7ffec8269960)        = -1 ENOTTY (Inappropriate ioctl for device)
brk(NULL)                               = 0xe41000
brk(0xe63000)                           = 0xe63000
write(1, "hello\nhello\nhello\nhello\nhello\nhe"..., 600) = 600
exit_group(0)                           = ?
+++ exited with 0 +++
