execve("./hello100_01", ["./hello100_01"], [/* 80 vars */]) = 0
brk(NULL)                               = 0x1bb9000
access("/etc/ld.so.nohwcap", F_OK)      = -1 ENOENT (No such file or directory)
access("/etc/ld.so.preload", R_OK)      = -1 ENOENT (No such file or directory)
open("/etc/ld.so.cache", O_RDONLY|O_CLOEXEC) = 3
fstat(3, {st_mode=S_IFREG|0644, st_size=99843, ...}) = 0
mmap(NULL, 99843, PROT_READ, MAP_PRIVATE, 3, 0) = 0x7f89d49f5000
close(3)                                = 0
access("/etc/ld.so.nohwcap", F_OK)      = -1 ENOENT (No such file or directory)
open("/lib/x86_64-linux-gnu/libc.so.6", O_RDONLY|O_CLOEXEC) = 3
read(3, "\177ELF\2\1\1\3\0\0\0\0\0\0\0\0\3\0>\0\1\0\0\0P\t\2\0\0\0\0\0"..., 832) = 832
fstat(3, {st_mode=S_IFREG|0755, st_size=1868984, ...}) = 0
mmap(NULL, 4096, PROT_READ|PROT_WRITE, MAP_PRIVATE|MAP_ANONYMOUS, -1, 0) = 0x7f89d49f4000
mmap(NULL, 3971488, PROT_READ|PROT_EXEC, MAP_PRIVATE|MAP_DENYWRITE, 3, 0) = 0x7f89d441f000
mprotect(0x7f89d45df000, 2097152, PROT_NONE) = 0
mmap(0x7f89d47df000, 24576, PROT_READ|PROT_WRITE, MAP_PRIVATE|MAP_FIXED|MAP_DENYWRITE, 3, 0x1c0000) = 0x7f89d47df000
mmap(0x7f89d47e5000, 14752, PROT_READ|PROT_WRITE, MAP_PRIVATE|MAP_FIXED|MAP_ANONYMOUS, -1, 0) = 0x7f89d47e5000
close(3)                                = 0
mmap(NULL, 4096, PROT_READ|PROT_WRITE, MAP_PRIVATE|MAP_ANONYMOUS, -1, 0) = 0x7f89d49f3000
mmap(NULL, 4096, PROT_READ|PROT_WRITE, MAP_PRIVATE|MAP_ANONYMOUS, -1, 0) = 0x7f89d49f2000
arch_prctl(ARCH_SET_FS, 0x7f89d49f3700) = 0
mprotect(0x7f89d47df000, 16384, PROT_READ) = 0
mprotect(0x600000, 4096, PROT_READ)     = 0
mprotect(0x7f89d4a0e000, 4096, PROT_READ) = 0
munmap(0x7f89d49f5000, 99843)           = 0
write(0, "hello", 5)                    = 5
write(0, "hello", 5)                    = 5
write(0, "hello", 5)                    = 5
write(0, "hello", 5)                    = 5
write(0, "hello", 5)                    = 5
write(0, "hello", 5)                    = 5
write(0, "hello", 5)                    = 5
write(0, "hello", 5)                    = 5
write(0, "hello", 5)                    = 5
write(0, "hello", 5)                    = 5
write(0, "hello", 5)                    = 5
write(0, "hello", 5)                    = 5
write(0, "hello", 5)                    = 5
write(0, "hello", 5)                    = 5
write(0, "hello", 5)                    = 5
write(0, "hello", 5)                    = 5
write(0, "hello", 5)                    = 5
write(0, "hello", 5)                    = 5
write(0, "hello", 5)                    = 5
write(0, "hello", 5)                    = 5
write(0, "hello", 5)                    = 5
write(0, "hello", 5)                    = 5
write(0, "hello", 5)                    = 5
write(0, "hello", 5)                    = 5
write(0, "hello", 5)                    = 5
write(0, "hello", 5)                    = 5
write(0, "hello", 5)                    = 5
write(0, "hello", 5)                    = 5
write(0, "hello", 5)                    = 5
write(0, "hello", 5)                    = 5
write(0, "hello", 5)                    = 5
write(0, "hello", 5)                    = 5
write(0, "hello", 5)                    = 5
write(0, "hello", 5)                    = 5
write(0, "hello", 5)                    = 5
write(0, "hello", 5)                    = 5
write(0, "hello", 5)                    = 5
write(0, "hello", 5)                    = 5
write(0, "hello", 5)                    = 5
write(0, "hello", 5)                    = 5
write(0, "hello", 5)                    = 5
write(0, "hello", 5)                    = 5
write(0, "hello", 5)                    = 5
write(0, "hello", 5)                    = 5
write(0, "hello", 5)                    = 5
write(0, "hello", 5)                    = 5
write(0, "hello", 5)                    = 5
write(0, "hello", 5)                    = 5
write(0, "hello", 5)                    = 5
write(0, "hello", 5)                    = 5
write(0, "hello", 5)                    = 5
write(0, "hello", 5)                    = 5
write(0, "hello", 5)                    = 5
write(0, "hello", 5)                    = 5
write(0, "hello", 5)                    = 5
write(0, "hello", 5)                    = 5
write(0, "hello", 5)                    = 5
write(0, "hello", 5)                    = 5
write(0, "hello", 5)                    = 5
write(0, "hello", 5)                    = 5
write(0, "hello", 5)                    = 5
write(0, "hello", 5)                    = 5
write(0, "hello", 5)                    = 5
write(0, "hello", 5)                    = 5
write(0, "hello", 5)                    = 5
write(0, "hello", 5)                    = 5
write(0, "hello", 5)                    = 5
write(0, "hello", 5)                    = 5
write(0, "hello", 5)                    = 5
write(0, "hello", 5)                    = 5
write(0, "hello", 5)                    = 5
write(0, "hello", 5)                    = 5
write(0, "hello", 5)                    = 5
write(0, "hello", 5)                    = 5
write(0, "hello", 5)                    = 5
write(0, "hello", 5)                    = 5
write(0, "hello", 5)                    = 5
write(0, "hello", 5)                    = 5
write(0, "hello", 5)                    = 5
write(0, "hello", 5)                    = 5
write(0, "hello", 5)                    = 5
write(0, "hello", 5)                    = 5
write(0, "hello", 5)                    = 5
write(0, "hello", 5)                    = 5
write(0, "hello", 5)                    = 5
write(0, "hello", 5)                    = 5
write(0, "hello", 5)                    = 5
write(0, "hello", 5)                    = 5
write(0, "hello", 5)                    = 5
write(0, "hello", 5)                    = 5
write(0, "hello", 5)                    = 5
write(0, "hello", 5)                    = 5
write(0, "hello", 5)                    = 5
write(0, "hello", 5)                    = 5
write(0, "hello", 5)                    = 5
write(0, "hello", 5)                    = 5
write(0, "hello", 5)                    = 5
write(0, "hello", 5)                    = 5
write(0, "hello", 5)                    = 5
write(0, "hello", 5)                    = 5
exit_group(0)                           = ?
+++ exited with 0 +++
